<?xml version="1.0" encoding="UTF-8"?>
<!-- Generated by org.testng.reporters.JUnitReportReporter -->
<testsuite hostname="Roushans-MacBook-Air.local" failures="0" tests="5" name="com.routech.automation.test.googlePages.GoogleTest" time="6.221" errors="0" timestamp="2022-06-28T03:29:57 IST" skipped="0">
  <testcase classname="com.routech.automation.test.googlePages.GoogleTest" name="openGoogleMainPage" time="1.918"/>
  <system-out/>
  <testcase classname="com.routech.automation.test.googlePages.GoogleTest" name="clickGmailIcon" time="1.996"/>
  <system-out/>
  <testcase classname="com.routech.automation.test.googlePages.GoogleTest" name="clickOnSignInBtn" time="1.744"/>
  <system-out/>
  <testcase classname="com.routech.automation.test.googlePages.GoogleTest" name="enterUsername" time="0.473"/>
  <system-out/>
  <testcase classname="com.routech.automation.test.googlePages.GoogleTest" name="clickNextAfterEnteringUsername" time="0.090"/>
  <system-out/>
</testsuite> <!-- com.routech.automation.test.googlePages.GoogleTest -->
